<?xml version="1.0" encoding="UTF-8"?>
<testsuite xmlns:xsi="http://www.w3.org/2001/XMLSchema-instance" xsi:noNamespaceSchemaLocation="https://maven.apache.org/surefire/maven-surefire-plugin/xsd/surefire-test-report.xsd" name="AccountTest" time="0.184" tests="2" errors="0" skipped="0" failures="0">
  <properties>
    <property name="java.specification.version" value="17"/>
    <property name="sun.jnu.encoding" value="UTF-8"/>
    <property name="java.class.path" value="/home/ec2-user/environment/java/12/12-1/target/test-classes:/home/ec2-user/environment/java/12/12-1/target/classes:/home/ec2-user/.m2/repository/org/junit/jupiter/junit-jupiter-engine/5.7.1/junit-jupiter-engine-5.7.1.jar:/home/ec2-user/.m2/repository/org/apiguardian/apiguardian-api/1.1.0/apiguardian-api-1.1.0.jar:/home/ec2-user/.m2/repository/org/junit/platform/junit-platform-engine/1.7.1/junit-platform-engine-1.7.1.jar:/home/ec2-user/.m2/repository/org/junit/jupiter/junit-jupiter-api/5.7.1/junit-jupiter-api-5.7.1.jar:/home/ec2-user/.m2/repository/org/opentest4j/opentest4j/1.2.0/opentest4j-1.2.0.jar:/home/ec2-user/.m2/repository/org/junit/platform/junit-platform-commons/1.7.1/junit-platform-commons-1.7.1.jar:/home/ec2-user/.m2/repository/org/apache/maven/plugins/maven-site-plugin/3.9.1/maven-site-plugin-3.9.1.jar:/home/ec2-user/.m2/repository/org/apache/maven/reporting/maven-reporting-api/3.0/maven-reporting-api-3.0.jar:/home/ec2-user/.m2/repository/org/apache/maven/reporting/maven-reporting-exec/1.5.1/maven-reporting-exec-1.5.1.jar:/home/ec2-user/.m2/repository/org/sonatype/aether/aether-util/1.7/aether-util-1.7.jar:/home/ec2-user/.m2/repository/org/eclipse/aether/aether-util/0.9.0.M2/aether-util-0.9.0.M2.jar:/home/ec2-user/.m2/repository/org/apache/maven/shared/maven-shared-utils/3.1.0/maven-shared-utils-3.1.0.jar:/home/ec2-user/.m2/repository/org/apache/maven/maven-artifact/3.0.5/maven-artifact-3.0.5.jar:/home/ec2-user/.m2/repository/org/apache/maven/maven-core/3.0.5/maven-core-3.0.5.jar:/home/ec2-user/.m2/repository/org/apache/maven/maven-repository-metadata/3.0.5/maven-repository-metadata-3.0.5.jar:/home/ec2-user/.m2/repository/org/apache/maven/maven-model-builder/3.0.5/maven-model-builder-3.0.5.jar:/home/ec2-user/.m2/repository/org/apache/maven/maven-aether-provider/3.0.5/maven-aether-provider-3.0.5.jar:/home/ec2-user/.m2/repository/org/sonatype/aether/aether-spi/1.13.1/aether-spi-1.13.1.jar:/home/ec2-user/.m2/repository/org/sonatype/aether/aether-impl/1.13.1/aether-impl-1.13.1.jar:/home/ec2-user/.m2/repository/org/sonatype/aether/aether-api/1.13.1/aether-api-1.13.1.jar:/home/ec2-user/.m2/repository/org/codehaus/plexus/plexus-classworlds/2.4/plexus-classworlds-2.4.jar:/home/ec2-user/.m2/repository/org/sonatype/plexus/plexus-sec-dispatcher/1.3/plexus-sec-dispatcher-1.3.jar:/home/ec2-user/.m2/repository/org/sonatype/plexus/plexus-cipher/1.4/plexus-cipher-1.4.jar:/home/ec2-user/.m2/repository/org/apache/maven/maven-model/3.0.5/maven-model-3.0.5.jar:/home/ec2-user/.m2/repository/org/apache/maven/maven-plugin-api/3.0.5/maven-plugin-api-3.0.5.jar:/home/ec2-user/.m2/repository/org/apache/maven/maven-settings/3.0.5/maven-settings-3.0.5.jar:/home/ec2-user/.m2/repository/org/apache/maven/maven-settings-builder/3.0.5/maven-settings-builder-3.0.5.jar:/home/ec2-user/.m2/repository/org/apache/maven/maven-archiver/3.5.0/maven-archiver-3.5.0.jar:/home/ec2-user/.m2/repository/org/sonatype/sisu/sisu-inject-plexus/1.4.2/sisu-inject-plexus-1.4.2.jar:/home/ec2-user/.m2/repository/org/sonatype/sisu/sisu-inject-bean/1.4.2/sisu-inject-bean-1.4.2.jar:/home/ec2-user/.m2/repository/org/sonatype/sisu/sisu-guice/2.1.7/sisu-guice-2.1.7-noaop.jar:/home/ec2-user/.m2/repository/org/codehaus/plexus/plexus-archiver/4.2.1/plexus-archiver-4.2.1.jar:/home/ec2-user/.m2/repository/org/codehaus/plexus/plexus-io/3.2.0/plexus-io-3.2.0.jar:/home/ec2-user/.m2/repository/org/apache/commons/commons-compress/1.19/commons-compress-1.19.jar:/home/ec2-user/.m2/repository/org/iq80/snappy/snappy/0.4/snappy-0.4.jar:/home/ec2-user/.m2/repository/org/tukaani/xz/1.8/xz-1.8.jar:/home/ec2-user/.m2/repository/org/codehaus/plexus/plexus-i18n/1.0-beta-10/plexus-i18n-1.0-beta-10.jar:/home/ec2-user/.m2/repository/org/codehaus/plexus/plexus-utils/3.3.0/plexus-utils-3.3.0.jar:/home/ec2-user/.m2/repository/org/apache/maven/doxia/doxia-sink-api/1.9.1/doxia-sink-api-1.9.1.jar:/home/ec2-user/.m2/repository/org/apache/maven/doxia/doxia-logging-api/1.9.1/doxia-logging-api-1.9.1.jar:/home/ec2-user/.m2/repository/org/apache/maven/doxia/doxia-core/1.9.1/doxia-core-1.9.1.jar:/home/ec2-user/.m2/repository/org/apache/httpcomponents/httpclient/4.5.8/httpclient-4.5.8.jar:/home/ec2-user/.m2/repository/commons-logging/commons-logging/1.2/commons-logging-1.2.jar:/home/ec2-user/.m2/repository/org/apache/httpcomponents/httpcore/4.4.11/httpcore-4.4.11.jar:/home/ec2-user/.m2/repository/org/apache/maven/doxia/doxia-module-xhtml/1.9.1/doxia-module-xhtml-1.9.1.jar:/home/ec2-user/.m2/repository/org/apache/maven/doxia/doxia-module-xhtml5/1.9.1/doxia-module-xhtml5-1.9.1.jar:/home/ec2-user/.m2/repository/org/apache/maven/doxia/doxia-module-apt/1.9.1/doxia-module-apt-1.9.1.jar:/home/ec2-user/.m2/repository/org/apache/maven/doxia/doxia-module-xdoc/1.9.1/doxia-module-xdoc-1.9.1.jar:/home/ec2-user/.m2/repository/org/apache/maven/doxia/doxia-module-fml/1.9.1/doxia-module-fml-1.9.1.jar:/home/ec2-user/.m2/repository/org/apache/maven/doxia/doxia-module-markdown/1.9.1/doxia-module-markdown-1.9.1.jar:/home/ec2-user/.m2/repository/com/vladsch/flexmark/flexmark-all/0.42.14/flexmark-all-0.42.14.jar:/home/ec2-user/.m2/repository/com/vladsch/flexmark/flexmark/0.42.14/flexmark-0.42.14.jar:/home/ec2-user/.m2/repository/com/vladsch/flexmark/flexmark-ext-abbreviation/0.42.14/flexmark-ext-abbreviation-0.42.14.jar:/home/ec2-user/.m2/repository/com/vladsch/flexmark/flexmark-ext-admonition/0.42.14/flexmark-ext-admonition-0.42.14.jar:/home/ec2-user/.m2/repository/com/vladsch/flexmark/flexmark-ext-anchorlink/0.42.14/flexmark-ext-anchorlink-0.42.14.jar:/home/ec2-user/.m2/repository/com/vladsch/flexmark/flexmark-ext-aside/0.42.14/flexmark-ext-aside-0.42.14.jar:/home/ec2-user/.m2/repository/com/vladsch/flexmark/flexmark-ext-attributes/0.42.14/flexmark-ext-attributes-0.42.14.jar:/home/ec2-user/.m2/repository/com/vladsch/flexmark/flexmark-ext-autolink/0.42.14/flexmark-ext-autolink-0.42.14.jar:/home/ec2-user/.m2/repository/org/nibor/autolink/autolink/0.6.0/autolink-0.6.0.jar:/home/ec2-user/.m2/repository/com/vladsch/flexmark/flexmark-ext-definition/0.42.14/flexmark-ext-definition-0.42.14.jar:/home/ec2-user/.m2/repository/com/vladsch/flexmark/flexmark-ext-emoji/0.42.14/flexmark-ext-emoji-0.42.14.jar:/home/ec2-user/.m2/repository/com/vladsch/flexmark/flexmark-ext-enumerated-reference/0.42.14/flexmark-ext-enumerated-reference-0.42.14.jar:/home/ec2-user/.m2/repository/com/vladsch/flexmark/flexmark-ext-escaped-character/0.42.14/flexmark-ext-escaped-character-0.42.14.jar:/home/ec2-user/.m2/repository/com/vladsch/flexmark/flexmark-ext-footnotes/0.42.14/flexmark-ext-footnotes-0.42.14.jar:/home/ec2-user/.m2/repository/com/vladsch/flexmark/flexmark-ext-gfm-issues/0.42.14/flexmark-ext-gfm-issues-0.42.14.jar:/home/ec2-user/.m2/repository/com/vladsch/flexmark/flexmark-ext-gfm-strikethrough/0.42.14/flexmark-ext-gfm-strikethrough-0.42.14.jar:/home/ec2-user/.m2/repository/com/vladsch/flexmark/flexmark-ext-gfm-tables/0.42.14/flexmark-ext-gfm-tables-0.42.14.jar:/home/ec2-user/.m2/repository/com/vladsch/flexmark/flexmark-ext-gfm-tasklist/0.42.14/flexmark-ext-gfm-tasklist-0.42.14.jar:/home/ec2-user/.m2/repository/com/vladsch/flexmark/flexmark-ext-gfm-users/0.42.14/flexmark-ext-gfm-users-0.42.14.jar:/home/ec2-user/.m2/repository/com/vladsch/flexmark/flexmark-ext-gitlab/0.42.14/flexmark-ext-gitlab-0.42.14.jar:/home/ec2-user/.m2/repository/com/vladsch/flexmark/flexmark-ext-jekyll-front-matter/0.42.14/flexmark-ext-jekyll-front-matter-0.42.14.jar:/home/ec2-user/.m2/repository/com/vladsch/flexmark/flexmark-ext-jekyll-tag/0.42.14/flexmark-ext-jekyll-tag-0.42.14.jar:/home/ec2-user/.m2/repository/com/vladsch/flexmark/flexmark-ext-media-tags/0.42.14/flexmark-ext-media-tags-0.42.14.jar:/home/ec2-user/.m2/repository/com/vladsch/flexmark/flexmark-ext-macros/0.42.14/flexmark-ext-macros-0.42.14.jar:/home/ec2-user/.m2/repository/com/vladsch/flexmark/flexmark-ext-ins/0.42.14/flexmark-ext-ins-0.42.14.jar:/home/ec2-user/.m2/repository/com/vladsch/flexmark/flexmark-ext-xwiki-macros/0.42.14/flexmark-ext-xwiki-macros-0.42.14.jar:/home/ec2-user/.m2/repository/com/vladsch/flexmark/flexmark-ext-superscript/0.42.14/flexmark-ext-superscript-0.42.14.jar:/home/ec2-user/.m2/repository/com/vladsch/flexmark/flexmark-ext-tables/0.42.14/flexmark-ext-tables-0.42.14.jar:/home/ec2-user/.m2/repository/com/vladsch/flexmark/flexmark-ext-toc/0.42.14/flexmark-ext-toc-0.42.14.jar:/home/ec2-user/.m2/repository/com/vladsch/flexmark/flexmark-ext-typographic/0.42.14/flexmark-ext-typographic-0.42.14.jar:/home/ec2-user/.m2/repository/com/vladsch/flexmark/flexmark-ext-wikilink/0.42.14/flexmark-ext-wikilink-0.42.14.jar:/home/ec2-user/.m2/repository/com/vladsch/flexmark/flexmark-ext-yaml-front-matter/0.42.14/flexmark-ext-yaml-front-matter-0.42.14.jar:/home/ec2-user/.m2/repository/com/vladsch/flexmark/flexmark-ext-youtube-embedded/0.42.14/flexmark-ext-youtube-embedded-0.42.14.jar:/home/ec2-user/.m2/repository/com/vladsch/flexmark/flexmark-formatter/0.42.14/flexmark-formatter-0.42.14.jar:/home/ec2-user/.m2/repository/com/vladsch/flexmark/flexmark-html-parser/0.42.14/flexmark-html-parser-0.42.14.jar:/home/ec2-user/.m2/repository/org/jsoup/jsoup/1.10.2/jsoup-1.10.2.jar:/home/ec2-user/.m2/repository/com/vladsch/flexmark/flexmark-jira-converter/0.42.14/flexmark-jira-converter-0.42.14.jar:/home/ec2-user/.m2/repository/com/vladsch/flexmark/flexmark-profile-pegdown/0.42.14/flexmark-profile-pegdown-0.42.14.jar:/home/ec2-user/.m2/repository/com/vladsch/flexmark/flexmark-util/0.42.14/flexmark-util-0.42.14.jar:/home/ec2-user/.m2/repository/com/vladsch/flexmark/flexmark-youtrack-converter/0.42.14/flexmark-youtrack-converter-0.42.14.jar:/home/ec2-user/.m2/repository/org/apache/maven/doxia/doxia-module-confluence/1.9.1/doxia-module-confluence-1.9.1.jar:/home/ec2-user/.m2/repository/org/apache/maven/doxia/doxia-module-docbook-simple/1.9.1/doxia-module-docbook-simple-1.9.1.jar:/home/ec2-user/.m2/repository/org/apache/maven/doxia/doxia-module-twiki/1.9.1/doxia-module-twiki-1.9.1.jar:/home/ec2-user/.m2/repository/org/apache/maven/doxia/doxia-decoration-model/1.9.2/doxia-decoration-model-1.9.2.jar:/home/ec2-user/.m2/repository/org/apache/maven/doxia/doxia-site-renderer/1.9.2/doxia-site-renderer-1.9.2.jar:/home/ec2-user/.m2/repository/org/apache/maven/doxia/doxia-skin-model/1.9.2/doxia-skin-model-1.9.2.jar:/home/ec2-user/.m2/repository/org/apache/velocity/velocity-tools/2.0/velocity-tools-2.0.jar:/home/ec2-user/.m2/repository/dom4j/dom4j/1.1/dom4j-1.1.jar:/home/ec2-user/.m2/repository/oro/oro/2.0.8/oro-2.0.8.jar:/home/ec2-user/.m2/repository/org/apache/maven/doxia/doxia-integration-tools/1.9.2/doxia-integration-tools-1.9.2.jar:/home/ec2-user/.m2/repository/org/apache/maven/wagon/wagon-provider-api/3.3.1/wagon-provider-api-3.3.1.jar:/home/ec2-user/.m2/repository/org/eclipse/jetty/jetty-server/9.2.29.v20191105/jetty-server-9.2.29.v20191105.jar:/home/ec2-user/.m2/repository/javax/servlet/javax.servlet-api/3.1.0/javax.servlet-api-3.1.0.jar:/home/ec2-user/.m2/repository/org/eclipse/jetty/jetty-http/9.2.29.v20191105/jetty-http-9.2.29.v20191105.jar:/home/ec2-user/.m2/repository/org/eclipse/jetty/jetty-io/9.2.29.v20191105/jetty-io-9.2.29.v20191105.jar:/home/ec2-user/.m2/repository/org/eclipse/jetty/jetty-servlet/9.2.29.v20191105/jetty-servlet-9.2.29.v20191105.jar:/home/ec2-user/.m2/repository/org/eclipse/jetty/jetty-security/9.2.29.v20191105/jetty-security-9.2.29.v20191105.jar:/home/ec2-user/.m2/repository/org/eclipse/jetty/jetty-webapp/9.2.29.v20191105/jetty-webapp-9.2.29.v20191105.jar:/home/ec2-user/.m2/repository/org/eclipse/jetty/jetty-xml/9.2.29.v20191105/jetty-xml-9.2.29.v20191105.jar:/home/ec2-user/.m2/repository/org/eclipse/jetty/jetty-util/9.2.29.v20191105/jetty-util-9.2.29.v20191105.jar:/home/ec2-user/.m2/repository/org/apache/commons/commons-lang3/3.8.1/commons-lang3-3.8.1.jar:/home/ec2-user/.m2/repository/commons-io/commons-io/2.6/commons-io-2.6.jar:/home/ec2-user/.m2/repository/com/github/spotbugs/spotbugs-maven-plugin/4.2.0/spotbugs-maven-plugin-4.2.0.jar:/home/ec2-user/.m2/repository/com/github/spotbugs/spotbugs/4.2.0/spotbugs-4.2.0.jar:/home/ec2-user/.m2/repository/org/apache/bcel/bcel/6.5.0/bcel-6.5.0.jar:/home/ec2-user/.m2/repository/net/jcip/jcip-annotations/1.0/jcip-annotations-1.0.jar:/home/ec2-user/.m2/repository/org/dom4j/dom4j/2.1.3/dom4j-2.1.3.jar:/home/ec2-user/.m2/repository/org/apache/commons/commons-text/1.9/commons-text-1.9.jar:/home/ec2-user/.m2/repository/com/github/spotbugs/spotbugs-annotations/4.2.0/spotbugs-annotations-4.2.0.jar:/home/ec2-user/.m2/repository/com/google/code/findbugs/jsr305/3.0.2/jsr305-3.0.2.jar:/home/ec2-user/.m2/repository/org/json/json/20200518/json-20200518.jar:/home/ec2-user/.m2/repository/jaxen/jaxen/1.2.0/jaxen-1.2.0.jar:/home/ec2-user/.m2/repository/net/sf/saxon/Saxon-HE/10.3/Saxon-HE-10.3.jar:/home/ec2-user/.m2/repository/org/slf4j/jcl-over-slf4j/2.0.0-alpha1/jcl-over-slf4j-2.0.0-alpha1.jar:/home/ec2-user/.m2/repository/org/slf4j/slf4j-simple/2.0.0-alpha1/slf4j-simple-2.0.0-alpha1.jar:/home/ec2-user/.m2/repository/org/apache/ant/ant/1.10.9/ant-1.10.9.jar:/home/ec2-user/.m2/repository/org/apache/ant/ant-launcher/1.10.9/ant-launcher-1.10.9.jar:/home/ec2-user/.m2/repository/org/codehaus/groovy/groovy/3.0.7/groovy-3.0.7-indy.jar:/home/ec2-user/.m2/repository/org/codehaus/groovy/groovy-ant/3.0.7/groovy-ant-3.0.7-indy.jar:/home/ec2-user/.m2/repository/org/codehaus/groovy/groovy-dateutil/3.0.7/groovy-dateutil-3.0.7-indy.jar:/home/ec2-user/.m2/repository/org/codehaus/groovy/groovy-docgenerator/3.0.7/groovy-docgenerator-3.0.7-indy.jar:/home/ec2-user/.m2/repository/com/thoughtworks/qdox/qdox/1.12.1/qdox-1.12.1.jar:/home/ec2-user/.m2/repository/org/codehaus/groovy/groovy-groovydoc/3.0.7/groovy-groovydoc-3.0.7-indy.jar:/home/ec2-user/.m2/repository/com/github/javaparser/javaparser-core/3.17.0/javaparser-core-3.17.0.jar:/home/ec2-user/.m2/repository/org/codehaus/groovy/groovy-templates/3.0.7/groovy-templates-3.0.7-indy.jar:/home/ec2-user/.m2/repository/org/codehaus/groovy/groovy-xml/3.0.7/groovy-xml-3.0.7-indy.jar:/home/ec2-user/.m2/repository/org/apache/maven/reporting/maven-reporting-impl/3.0.0/maven-reporting-impl-3.0.0.jar:/home/ec2-user/.m2/repository/org/apache/maven/shared/maven-artifact-transfer/0.13.1/maven-artifact-transfer-0.13.1.jar:/home/ec2-user/.m2/repository/org/apache/maven/shared/maven-common-artifact-filters/3.1.0/maven-common-artifact-filters-3.1.0.jar:/home/ec2-user/.m2/repository/commons-beanutils/commons-beanutils/1.9.4/commons-beanutils-1.9.4.jar:/home/ec2-user/.m2/repository/commons-chain/commons-chain/1.2/commons-chain-1.2.jar:/home/ec2-user/.m2/repository/commons-codec/commons-codec/1.15/commons-codec-1.15.jar:/home/ec2-user/.m2/repository/commons-collections/commons-collections/3.2.2/commons-collections-3.2.2.jar:/home/ec2-user/.m2/repository/commons-digester/commons-digester/2.1/commons-digester-2.1.jar:/home/ec2-user/.m2/repository/org/codehaus/plexus/plexus-container-default/2.1.0/plexus-container-default-2.1.0.jar:/home/ec2-user/.m2/repository/org/apache/xbean/xbean-reflect/3.7/xbean-reflect-3.7.jar:/home/ec2-user/.m2/repository/org/codehaus/plexus/plexus-resources/1.1.0/plexus-resources-1.1.0.jar:/home/ec2-user/.m2/repository/org/slf4j/slf4j-api/2.0.0-alpha1/slf4j-api-2.0.0-alpha1.jar:/home/ec2-user/.m2/repository/org/ow2/asm/asm/9.0/asm-9.0.jar:/home/ec2-user/.m2/repository/org/ow2/asm/asm-analysis/9.0/asm-analysis-9.0.jar:/home/ec2-user/.m2/repository/org/ow2/asm/asm-commons/9.0/asm-commons-9.0.jar:/home/ec2-user/.m2/repository/org/ow2/asm/asm-tree/9.0/asm-tree-9.0.jar:/home/ec2-user/.m2/repository/org/ow2/asm/asm-util/9.0/asm-util-9.0.jar:/home/ec2-user/.m2/repository/org/apache/maven/plugins/maven-checkstyle-plugin/3.1.2/maven-checkstyle-plugin-3.1.2.jar:/home/ec2-user/.m2/repository/org/codehaus/plexus/plexus-component-annotations/2.0.0/plexus-component-annotations-2.0.0.jar:/home/ec2-user/.m2/repository/org/codehaus/plexus/plexus-interpolation/1.26/plexus-interpolation-1.26.jar:/home/ec2-user/.m2/repository/org/codehaus/plexus/plexus-velocity/1.2/plexus-velocity-1.2.jar:/home/ec2-user/.m2/repository/com/puppycrawl/tools/checkstyle/8.29/checkstyle-8.29.jar:/home/ec2-user/.m2/repository/info/picocli/picocli/4.1.4/picocli-4.1.4.jar:/home/ec2-user/.m2/repository/antlr/antlr/2.7.7/antlr-2.7.7.jar:/home/ec2-user/.m2/repository/org/antlr/antlr4-runtime/4.8-1/antlr4-runtime-4.8-1.jar:/home/ec2-user/.m2/repository/com/google/guava/guava/28.2-jre/guava-28.2-jre.jar:/home/ec2-user/.m2/repository/com/google/guava/failureaccess/1.0.1/failureaccess-1.0.1.jar:/home/ec2-user/.m2/repository/com/google/guava/listenablefuture/9999.0-empty-to-avoid-conflict-with-guava/listenablefuture-9999.0-empty-to-avoid-conflict-with-guava.jar:/home/ec2-user/.m2/repository/org/checkerframework/checker-qual/2.10.0/checker-qual-2.10.0.jar:/home/ec2-user/.m2/repository/com/google/errorprone/error_prone_annotations/2.3.4/error_prone_annotations-2.3.4.jar:/home/ec2-user/.m2/repository/com/google/j2objc/j2objc-annotations/1.3/j2objc-annotations-1.3.jar:/home/ec2-user/.m2/repository/org/apache/velocity/velocity/1.7/velocity-1.7.jar:/home/ec2-user/.m2/repository/commons-lang/commons-lang/2.4/commons-lang-2.4.jar:/home/ec2-user/.m2/repository/javax/xml/bind/jaxb-api/2.3.1/jaxb-api-2.3.1.jar:/home/ec2-user/.m2/repository/javax/activation/javax.activation-api/1.2.0/javax.activation-api-1.2.0.jar:"/>
    <property name="java.vm.vendor" value="Amazon.com Inc."/>
    <property name="sun.arch.data.model" value="64"/>
    <property name="java.vendor.url" value="https://aws.amazon.com/corretto/"/>
    <property name="os.name" value="Linux"/>
    <property name="java.vm.specification.version" value="17"/>
    <property name="sun.java.launcher" value="SUN_STANDARD"/>
    <property name="user.country" value="US"/>
    <property name="sun.boot.library.path" value="/usr/lib/jvm/java-17-amazon-corretto.x86_64/lib"/>
    <property name="sun.java.command" value="/home/ec2-user/environment/java/12/12-1/target/surefire/surefirebooter9954836719182742737.jar /home/ec2-user/environment/java/12/12-1/target/surefire 2024-07-04T22-18-56_183-jvmRun1 surefire5219717138803169758tmp surefire_010355361827808481553tmp"/>
    <property name="jdk.debug" value="release"/>
    <property name="surefire.test.class.path" value="/home/ec2-user/environment/java/12/12-1/target/test-classes:/home/ec2-user/environment/java/12/12-1/target/classes:/home/ec2-user/.m2/repository/org/junit/jupiter/junit-jupiter-engine/5.7.1/junit-jupiter-engine-5.7.1.jar:/home/ec2-user/.m2/repository/org/apiguardian/apiguardian-api/1.1.0/apiguardian-api-1.1.0.jar:/home/ec2-user/.m2/repository/org/junit/platform/junit-platform-engine/1.7.1/junit-platform-engine-1.7.1.jar:/home/ec2-user/.m2/repository/org/junit/jupiter/junit-jupiter-api/5.7.1/junit-jupiter-api-5.7.1.jar:/home/ec2-user/.m2/repository/org/opentest4j/opentest4j/1.2.0/opentest4j-1.2.0.jar:/home/ec2-user/.m2/repository/org/junit/platform/junit-platform-commons/1.7.1/junit-platform-commons-1.7.1.jar:/home/ec2-user/.m2/repository/org/apache/maven/plugins/maven-site-plugin/3.9.1/maven-site-plugin-3.9.1.jar:/home/ec2-user/.m2/repository/org/apache/maven/reporting/maven-reporting-api/3.0/maven-reporting-api-3.0.jar:/home/ec2-user/.m2/repository/org/apache/maven/reporting/maven-reporting-exec/1.5.1/maven-reporting-exec-1.5.1.jar:/home/ec2-user/.m2/repository/org/sonatype/aether/aether-util/1.7/aether-util-1.7.jar:/home/ec2-user/.m2/repository/org/eclipse/aether/aether-util/0.9.0.M2/aether-util-0.9.0.M2.jar:/home/ec2-user/.m2/repository/org/apache/maven/shared/maven-shared-utils/3.1.0/maven-shared-utils-3.1.0.jar:/home/ec2-user/.m2/repository/org/apache/maven/maven-artifact/3.0.5/maven-artifact-3.0.5.jar:/home/ec2-user/.m2/repository/org/apache/maven/maven-core/3.0.5/maven-core-3.0.5.jar:/home/ec2-user/.m2/repository/org/apache/maven/maven-repository-metadata/3.0.5/maven-repository-metadata-3.0.5.jar:/home/ec2-user/.m2/repository/org/apache/maven/maven-model-builder/3.0.5/maven-model-builder-3.0.5.jar:/home/ec2-user/.m2/repository/org/apache/maven/maven-aether-provider/3.0.5/maven-aether-provider-3.0.5.jar:/home/ec2-user/.m2/repository/org/sonatype/aether/aether-spi/1.13.1/aether-spi-1.13.1.jar:/home/ec2-user/.m2/repository/org/sonatype/aether/aether-impl/1.13.1/aether-impl-1.13.1.jar:/home/ec2-user/.m2/repository/org/sonatype/aether/aether-api/1.13.1/aether-api-1.13.1.jar:/home/ec2-user/.m2/repository/org/codehaus/plexus/plexus-classworlds/2.4/plexus-classworlds-2.4.jar:/home/ec2-user/.m2/repository/org/sonatype/plexus/plexus-sec-dispatcher/1.3/plexus-sec-dispatcher-1.3.jar:/home/ec2-user/.m2/repository/org/sonatype/plexus/plexus-cipher/1.4/plexus-cipher-1.4.jar:/home/ec2-user/.m2/repository/org/apache/maven/maven-model/3.0.5/maven-model-3.0.5.jar:/home/ec2-user/.m2/repository/org/apache/maven/maven-plugin-api/3.0.5/maven-plugin-api-3.0.5.jar:/home/ec2-user/.m2/repository/org/apache/maven/maven-settings/3.0.5/maven-settings-3.0.5.jar:/home/ec2-user/.m2/repository/org/apache/maven/maven-settings-builder/3.0.5/maven-settings-builder-3.0.5.jar:/home/ec2-user/.m2/repository/org/apache/maven/maven-archiver/3.5.0/maven-archiver-3.5.0.jar:/home/ec2-user/.m2/repository/org/sonatype/sisu/sisu-inject-plexus/1.4.2/sisu-inject-plexus-1.4.2.jar:/home/ec2-user/.m2/repository/org/sonatype/sisu/sisu-inject-bean/1.4.2/sisu-inject-bean-1.4.2.jar:/home/ec2-user/.m2/repository/org/sonatype/sisu/sisu-guice/2.1.7/sisu-guice-2.1.7-noaop.jar:/home/ec2-user/.m2/repository/org/codehaus/plexus/plexus-archiver/4.2.1/plexus-archiver-4.2.1.jar:/home/ec2-user/.m2/repository/org/codehaus/plexus/plexus-io/3.2.0/plexus-io-3.2.0.jar:/home/ec2-user/.m2/repository/org/apache/commons/commons-compress/1.19/commons-compress-1.19.jar:/home/ec2-user/.m2/repository/org/iq80/snappy/snappy/0.4/snappy-0.4.jar:/home/ec2-user/.m2/repository/org/tukaani/xz/1.8/xz-1.8.jar:/home/ec2-user/.m2/repository/org/codehaus/plexus/plexus-i18n/1.0-beta-10/plexus-i18n-1.0-beta-10.jar:/home/ec2-user/.m2/repository/org/codehaus/plexus/plexus-utils/3.3.0/plexus-utils-3.3.0.jar:/home/ec2-user/.m2/repository/org/apache/maven/doxia/doxia-sink-api/1.9.1/doxia-sink-api-1.9.1.jar:/home/ec2-user/.m2/repository/org/apache/maven/doxia/doxia-logging-api/1.9.1/doxia-logging-api-1.9.1.jar:/home/ec2-user/.m2/repository/org/apache/maven/doxia/doxia-core/1.9.1/doxia-core-1.9.1.jar:/home/ec2-user/.m2/repository/org/apache/httpcomponents/httpclient/4.5.8/httpclient-4.5.8.jar:/home/ec2-user/.m2/repository/commons-logging/commons-logging/1.2/commons-logging-1.2.jar:/home/ec2-user/.m2/repository/org/apache/httpcomponents/httpcore/4.4.11/httpcore-4.4.11.jar:/home/ec2-user/.m2/repository/org/apache/maven/doxia/doxia-module-xhtml/1.9.1/doxia-module-xhtml-1.9.1.jar:/home/ec2-user/.m2/repository/org/apache/maven/doxia/doxia-module-xhtml5/1.9.1/doxia-module-xhtml5-1.9.1.jar:/home/ec2-user/.m2/repository/org/apache/maven/doxia/doxia-module-apt/1.9.1/doxia-module-apt-1.9.1.jar:/home/ec2-user/.m2/repository/org/apache/maven/doxia/doxia-module-xdoc/1.9.1/doxia-module-xdoc-1.9.1.jar:/home/ec2-user/.m2/repository/org/apache/maven/doxia/doxia-module-fml/1.9.1/doxia-module-fml-1.9.1.jar:/home/ec2-user/.m2/repository/org/apache/maven/doxia/doxia-module-markdown/1.9.1/doxia-module-markdown-1.9.1.jar:/home/ec2-user/.m2/repository/com/vladsch/flexmark/flexmark-all/0.42.14/flexmark-all-0.42.14.jar:/home/ec2-user/.m2/repository/com/vladsch/flexmark/flexmark/0.42.14/flexmark-0.42.14.jar:/home/ec2-user/.m2/repository/com/vladsch/flexmark/flexmark-ext-abbreviation/0.42.14/flexmark-ext-abbreviation-0.42.14.jar:/home/ec2-user/.m2/repository/com/vladsch/flexmark/flexmark-ext-admonition/0.42.14/flexmark-ext-admonition-0.42.14.jar:/home/ec2-user/.m2/repository/com/vladsch/flexmark/flexmark-ext-anchorlink/0.42.14/flexmark-ext-anchorlink-0.42.14.jar:/home/ec2-user/.m2/repository/com/vladsch/flexmark/flexmark-ext-aside/0.42.14/flexmark-ext-aside-0.42.14.jar:/home/ec2-user/.m2/repository/com/vladsch/flexmark/flexmark-ext-attributes/0.42.14/flexmark-ext-attributes-0.42.14.jar:/home/ec2-user/.m2/repository/com/vladsch/flexmark/flexmark-ext-autolink/0.42.14/flexmark-ext-autolink-0.42.14.jar:/home/ec2-user/.m2/repository/org/nibor/autolink/autolink/0.6.0/autolink-0.6.0.jar:/home/ec2-user/.m2/repository/com/vladsch/flexmark/flexmark-ext-definition/0.42.14/flexmark-ext-definition-0.42.14.jar:/home/ec2-user/.m2/repository/com/vladsch/flexmark/flexmark-ext-emoji/0.42.14/flexmark-ext-emoji-0.42.14.jar:/home/ec2-user/.m2/repository/com/vladsch/flexmark/flexmark-ext-enumerated-reference/0.42.14/flexmark-ext-enumerated-reference-0.42.14.jar:/home/ec2-user/.m2/repository/com/vladsch/flexmark/flexmark-ext-escaped-character/0.42.14/flexmark-ext-escaped-character-0.42.14.jar:/home/ec2-user/.m2/repository/com/vladsch/flexmark/flexmark-ext-footnotes/0.42.14/flexmark-ext-footnotes-0.42.14.jar:/home/ec2-user/.m2/repository/com/vladsch/flexmark/flexmark-ext-gfm-issues/0.42.14/flexmark-ext-gfm-issues-0.42.14.jar:/home/ec2-user/.m2/repository/com/vladsch/flexmark/flexmark-ext-gfm-strikethrough/0.42.14/flexmark-ext-gfm-strikethrough-0.42.14.jar:/home/ec2-user/.m2/repository/com/vladsch/flexmark/flexmark-ext-gfm-tables/0.42.14/flexmark-ext-gfm-tables-0.42.14.jar:/home/ec2-user/.m2/repository/com/vladsch/flexmark/flexmark-ext-gfm-tasklist/0.42.14/flexmark-ext-gfm-tasklist-0.42.14.jar:/home/ec2-user/.m2/repository/com/vladsch/flexmark/flexmark-ext-gfm-users/0.42.14/flexmark-ext-gfm-users-0.42.14.jar:/home/ec2-user/.m2/repository/com/vladsch/flexmark/flexmark-ext-gitlab/0.42.14/flexmark-ext-gitlab-0.42.14.jar:/home/ec2-user/.m2/repository/com/vladsch/flexmark/flexmark-ext-jekyll-front-matter/0.42.14/flexmark-ext-jekyll-front-matter-0.42.14.jar:/home/ec2-user/.m2/repository/com/vladsch/flexmark/flexmark-ext-jekyll-tag/0.42.14/flexmark-ext-jekyll-tag-0.42.14.jar:/home/ec2-user/.m2/repository/com/vladsch/flexmark/flexmark-ext-media-tags/0.42.14/flexmark-ext-media-tags-0.42.14.jar:/home/ec2-user/.m2/repository/com/vladsch/flexmark/flexmark-ext-macros/0.42.14/flexmark-ext-macros-0.42.14.jar:/home/ec2-user/.m2/repository/com/vladsch/flexmark/flexmark-ext-ins/0.42.14/flexmark-ext-ins-0.42.14.jar:/home/ec2-user/.m2/repository/com/vladsch/flexmark/flexmark-ext-xwiki-macros/0.42.14/flexmark-ext-xwiki-macros-0.42.14.jar:/home/ec2-user/.m2/repository/com/vladsch/flexmark/flexmark-ext-superscript/0.42.14/flexmark-ext-superscript-0.42.14.jar:/home/ec2-user/.m2/repository/com/vladsch/flexmark/flexmark-ext-tables/0.42.14/flexmark-ext-tables-0.42.14.jar:/home/ec2-user/.m2/repository/com/vladsch/flexmark/flexmark-ext-toc/0.42.14/flexmark-ext-toc-0.42.14.jar:/home/ec2-user/.m2/repository/com/vladsch/flexmark/flexmark-ext-typographic/0.42.14/flexmark-ext-typographic-0.42.14.jar:/home/ec2-user/.m2/repository/com/vladsch/flexmark/flexmark-ext-wikilink/0.42.14/flexmark-ext-wikilink-0.42.14.jar:/home/ec2-user/.m2/repository/com/vladsch/flexmark/flexmark-ext-yaml-front-matter/0.42.14/flexmark-ext-yaml-front-matter-0.42.14.jar:/home/ec2-user/.m2/repository/com/vladsch/flexmark/flexmark-ext-youtube-embedded/0.42.14/flexmark-ext-youtube-embedded-0.42.14.jar:/home/ec2-user/.m2/repository/com/vladsch/flexmark/flexmark-formatter/0.42.14/flexmark-formatter-0.42.14.jar:/home/ec2-user/.m2/repository/com/vladsch/flexmark/flexmark-html-parser/0.42.14/flexmark-html-parser-0.42.14.jar:/home/ec2-user/.m2/repository/org/jsoup/jsoup/1.10.2/jsoup-1.10.2.jar:/home/ec2-user/.m2/repository/com/vladsch/flexmark/flexmark-jira-converter/0.42.14/flexmark-jira-converter-0.42.14.jar:/home/ec2-user/.m2/repository/com/vladsch/flexmark/flexmark-profile-pegdown/0.42.14/flexmark-profile-pegdown-0.42.14.jar:/home/ec2-user/.m2/repository/com/vladsch/flexmark/flexmark-util/0.42.14/flexmark-util-0.42.14.jar:/home/ec2-user/.m2/repository/com/vladsch/flexmark/flexmark-youtrack-converter/0.42.14/flexmark-youtrack-converter-0.42.14.jar:/home/ec2-user/.m2/repository/org/apache/maven/doxia/doxia-module-confluence/1.9.1/doxia-module-confluence-1.9.1.jar:/home/ec2-user/.m2/repository/org/apache/maven/doxia/doxia-module-docbook-simple/1.9.1/doxia-module-docbook-simple-1.9.1.jar:/home/ec2-user/.m2/repository/org/apache/maven/doxia/doxia-module-twiki/1.9.1/doxia-module-twiki-1.9.1.jar:/home/ec2-user/.m2/repository/org/apache/maven/doxia/doxia-decoration-model/1.9.2/doxia-decoration-model-1.9.2.jar:/home/ec2-user/.m2/repository/org/apache/maven/doxia/doxia-site-renderer/1.9.2/doxia-site-renderer-1.9.2.jar:/home/ec2-user/.m2/repository/org/apache/maven/doxia/doxia-skin-model/1.9.2/doxia-skin-model-1.9.2.jar:/home/ec2-user/.m2/repository/org/apache/velocity/velocity-tools/2.0/velocity-tools-2.0.jar:/home/ec2-user/.m2/repository/dom4j/dom4j/1.1/dom4j-1.1.jar:/home/ec2-user/.m2/repository/oro/oro/2.0.8/oro-2.0.8.jar:/home/ec2-user/.m2/repository/org/apache/maven/doxia/doxia-integration-tools/1.9.2/doxia-integration-tools-1.9.2.jar:/home/ec2-user/.m2/repository/org/apache/maven/wagon/wagon-provider-api/3.3.1/wagon-provider-api-3.3.1.jar:/home/ec2-user/.m2/repository/org/eclipse/jetty/jetty-server/9.2.29.v20191105/jetty-server-9.2.29.v20191105.jar:/home/ec2-user/.m2/repository/javax/servlet/javax.servlet-api/3.1.0/javax.servlet-api-3.1.0.jar:/home/ec2-user/.m2/repository/org/eclipse/jetty/jetty-http/9.2.29.v20191105/jetty-http-9.2.29.v20191105.jar:/home/ec2-user/.m2/repository/org/eclipse/jetty/jetty-io/9.2.29.v20191105/jetty-io-9.2.29.v20191105.jar:/home/ec2-user/.m2/repository/org/eclipse/jetty/jetty-servlet/9.2.29.v20191105/jetty-servlet-9.2.29.v20191105.jar:/home/ec2-user/.m2/repository/org/eclipse/jetty/jetty-security/9.2.29.v20191105/jetty-security-9.2.29.v20191105.jar:/home/ec2-user/.m2/repository/org/eclipse/jetty/jetty-webapp/9.2.29.v20191105/jetty-webapp-9.2.29.v20191105.jar:/home/ec2-user/.m2/repository/org/eclipse/jetty/jetty-xml/9.2.29.v20191105/jetty-xml-9.2.29.v20191105.jar:/home/ec2-user/.m2/repository/org/eclipse/jetty/jetty-util/9.2.29.v20191105/jetty-util-9.2.29.v20191105.jar:/home/ec2-user/.m2/repository/org/apache/commons/commons-lang3/3.8.1/commons-lang3-3.8.1.jar:/home/ec2-user/.m2/repository/commons-io/commons-io/2.6/commons-io-2.6.jar:/home/ec2-user/.m2/repository/com/github/spotbugs/spotbugs-maven-plugin/4.2.0/spotbugs-maven-plugin-4.2.0.jar:/home/ec2-user/.m2/repository/com/github/spotbugs/spotbugs/4.2.0/spotbugs-4.2.0.jar:/home/ec2-user/.m2/repository/org/apache/bcel/bcel/6.5.0/bcel-6.5.0.jar:/home/ec2-user/.m2/repository/net/jcip/jcip-annotations/1.0/jcip-annotations-1.0.jar:/home/ec2-user/.m2/repository/org/dom4j/dom4j/2.1.3/dom4j-2.1.3.jar:/home/ec2-user/.m2/repository/org/apache/commons/commons-text/1.9/commons-text-1.9.jar:/home/ec2-user/.m2/repository/com/github/spotbugs/spotbugs-annotations/4.2.0/spotbugs-annotations-4.2.0.jar:/home/ec2-user/.m2/repository/com/google/code/findbugs/jsr305/3.0.2/jsr305-3.0.2.jar:/home/ec2-user/.m2/repository/org/json/json/20200518/json-20200518.jar:/home/ec2-user/.m2/repository/jaxen/jaxen/1.2.0/jaxen-1.2.0.jar:/home/ec2-user/.m2/repository/net/sf/saxon/Saxon-HE/10.3/Saxon-HE-10.3.jar:/home/ec2-user/.m2/repository/org/slf4j/jcl-over-slf4j/2.0.0-alpha1/jcl-over-slf4j-2.0.0-alpha1.jar:/home/ec2-user/.m2/repository/org/slf4j/slf4j-simple/2.0.0-alpha1/slf4j-simple-2.0.0-alpha1.jar:/home/ec2-user/.m2/repository/org/apache/ant/ant/1.10.9/ant-1.10.9.jar:/home/ec2-user/.m2/repository/org/apache/ant/ant-launcher/1.10.9/ant-launcher-1.10.9.jar:/home/ec2-user/.m2/repository/org/codehaus/groovy/groovy/3.0.7/groovy-3.0.7-indy.jar:/home/ec2-user/.m2/repository/org/codehaus/groovy/groovy-ant/3.0.7/groovy-ant-3.0.7-indy.jar:/home/ec2-user/.m2/repository/org/codehaus/groovy/groovy-dateutil/3.0.7/groovy-dateutil-3.0.7-indy.jar:/home/ec2-user/.m2/repository/org/codehaus/groovy/groovy-docgenerator/3.0.7/groovy-docgenerator-3.0.7-indy.jar:/home/ec2-user/.m2/repository/com/thoughtworks/qdox/qdox/1.12.1/qdox-1.12.1.jar:/home/ec2-user/.m2/repository/org/codehaus/groovy/groovy-groovydoc/3.0.7/groovy-groovydoc-3.0.7-indy.jar:/home/ec2-user/.m2/repository/com/github/javaparser/javaparser-core/3.17.0/javaparser-core-3.17.0.jar:/home/ec2-user/.m2/repository/org/codehaus/groovy/groovy-templates/3.0.7/groovy-templates-3.0.7-indy.jar:/home/ec2-user/.m2/repository/org/codehaus/groovy/groovy-xml/3.0.7/groovy-xml-3.0.7-indy.jar:/home/ec2-user/.m2/repository/org/apache/maven/reporting/maven-reporting-impl/3.0.0/maven-reporting-impl-3.0.0.jar:/home/ec2-user/.m2/repository/org/apache/maven/shared/maven-artifact-transfer/0.13.1/maven-artifact-transfer-0.13.1.jar:/home/ec2-user/.m2/repository/org/apache/maven/shared/maven-common-artifact-filters/3.1.0/maven-common-artifact-filters-3.1.0.jar:/home/ec2-user/.m2/repository/commons-beanutils/commons-beanutils/1.9.4/commons-beanutils-1.9.4.jar:/home/ec2-user/.m2/repository/commons-chain/commons-chain/1.2/commons-chain-1.2.jar:/home/ec2-user/.m2/repository/commons-codec/commons-codec/1.15/commons-codec-1.15.jar:/home/ec2-user/.m2/repository/commons-collections/commons-collections/3.2.2/commons-collections-3.2.2.jar:/home/ec2-user/.m2/repository/commons-digester/commons-digester/2.1/commons-digester-2.1.jar:/home/ec2-user/.m2/repository/org/codehaus/plexus/plexus-container-default/2.1.0/plexus-container-default-2.1.0.jar:/home/ec2-user/.m2/repository/org/apache/xbean/xbean-reflect/3.7/xbean-reflect-3.7.jar:/home/ec2-user/.m2/repository/org/codehaus/plexus/plexus-resources/1.1.0/plexus-resources-1.1.0.jar:/home/ec2-user/.m2/repository/org/slf4j/slf4j-api/2.0.0-alpha1/slf4j-api-2.0.0-alpha1.jar:/home/ec2-user/.m2/repository/org/ow2/asm/asm/9.0/asm-9.0.jar:/home/ec2-user/.m2/repository/org/ow2/asm/asm-analysis/9.0/asm-analysis-9.0.jar:/home/ec2-user/.m2/repository/org/ow2/asm/asm-commons/9.0/asm-commons-9.0.jar:/home/ec2-user/.m2/repository/org/ow2/asm/asm-tree/9.0/asm-tree-9.0.jar:/home/ec2-user/.m2/repository/org/ow2/asm/asm-util/9.0/asm-util-9.0.jar:/home/ec2-user/.m2/repository/org/apache/maven/plugins/maven-checkstyle-plugin/3.1.2/maven-checkstyle-plugin-3.1.2.jar:/home/ec2-user/.m2/repository/org/codehaus/plexus/plexus-component-annotations/2.0.0/plexus-component-annotations-2.0.0.jar:/home/ec2-user/.m2/repository/org/codehaus/plexus/plexus-interpolation/1.26/plexus-interpolation-1.26.jar:/home/ec2-user/.m2/repository/org/codehaus/plexus/plexus-velocity/1.2/plexus-velocity-1.2.jar:/home/ec2-user/.m2/repository/com/puppycrawl/tools/checkstyle/8.29/checkstyle-8.29.jar:/home/ec2-user/.m2/repository/info/picocli/picocli/4.1.4/picocli-4.1.4.jar:/home/ec2-user/.m2/repository/antlr/antlr/2.7.7/antlr-2.7.7.jar:/home/ec2-user/.m2/repository/org/antlr/antlr4-runtime/4.8-1/antlr4-runtime-4.8-1.jar:/home/ec2-user/.m2/repository/com/google/guava/guava/28.2-jre/guava-28.2-jre.jar:/home/ec2-user/.m2/repository/com/google/guava/failureaccess/1.0.1/failureaccess-1.0.1.jar:/home/ec2-user/.m2/repository/com/google/guava/listenablefuture/9999.0-empty-to-avoid-conflict-with-guava/listenablefuture-9999.0-empty-to-avoid-conflict-with-guava.jar:/home/ec2-user/.m2/repository/org/checkerframework/checker-qual/2.10.0/checker-qual-2.10.0.jar:/home/ec2-user/.m2/repository/com/google/errorprone/error_prone_annotations/2.3.4/error_prone_annotations-2.3.4.jar:/home/ec2-user/.m2/repository/com/google/j2objc/j2objc-annotations/1.3/j2objc-annotations-1.3.jar:/home/ec2-user/.m2/repository/org/apache/velocity/velocity/1.7/velocity-1.7.jar:/home/ec2-user/.m2/repository/commons-lang/commons-lang/2.4/commons-lang-2.4.jar:/home/ec2-user/.m2/repository/javax/xml/bind/jaxb-api/2.3.1/jaxb-api-2.3.1.jar:/home/ec2-user/.m2/repository/javax/activation/javax.activation-api/1.2.0/javax.activation-api-1.2.0.jar:"/>
    <property name="sun.cpu.endian" value="little"/>
    <property name="user.home" value="/home/ec2-user"/>
    <property name="user.language" value="en"/>
    <property name="java.specification.vendor" value="Oracle Corporation"/>
    <property name="java.version.date" value="2024-04-16"/>
    <property name="java.home" value="/usr/lib/jvm/java-17-amazon-corretto.x86_64"/>
    <property name="file.separator" value="/"/>
    <property name="basedir" value="/home/ec2-user/environment/java/12/12-1"/>
    <property name="java.vm.compressedOopsMode" value="32-bit"/>
    <property name="line.separator" value="&#10;"/>
    <property name="java.specification.name" value="Java Platform API Specification"/>
    <property name="java.vm.specification.vendor" value="Oracle Corporation"/>
    <property name="surefire.real.class.path" value="/home/ec2-user/environment/java/12/12-1/target/surefire/surefirebooter9954836719182742737.jar"/>
    <property name="sun.management.compiler" value="HotSpot 64-Bit Tiered Compilers"/>
    <property name="java.runtime.version" value="17.0.11+9-LTS"/>
    <property name="user.name" value="ec2-user"/>
    <property name="path.separator" value=":"/>
    <property name="os.version" value="4.14.348-265.562.amzn2.x86_64"/>
    <property name="java.runtime.name" value="OpenJDK Runtime Environment"/>
    <property name="file.encoding" value="UTF-8"/>
    <property name="java.vm.name" value="OpenJDK 64-Bit Server VM"/>
    <property name="java.vendor.version" value="Corretto-17.0.11.9.1"/>
    <property name="localRepository" value="/home/ec2-user/.m2/repository"/>
    <property name="java.vendor.url.bug" value="https://github.com/corretto/corretto-17/issues/"/>
    <property name="java.io.tmpdir" value="/tmp"/>
    <property name="java.version" value="17.0.11"/>
    <property name="user.dir" value="/home/ec2-user/environment/java/12/12-1"/>
    <property name="os.arch" value="amd64"/>
    <property name="java.vm.specification.name" value="Java Virtual Machine Specification"/>
    <property name="native.encoding" value="UTF-8"/>
    <property name="java.library.path" value="/opt/sqlite/sqlite3/lib:/usr/java/packages/lib:/usr/lib64:/lib64:/lib:/usr/lib"/>
    <property name="java.vm.info" value="mixed mode, sharing"/>
    <property name="java.vendor" value="Amazon.com Inc."/>
    <property name="java.vm.version" value="17.0.11+9-LTS"/>
    <property name="sun.io.unicode.encoding" value="UnicodeLittle"/>
    <property name="java.class.version" value="61.0"/>
  </properties>
  <testcase name="instantiate" classname="AccountTest" time="0.11"/>
  <testcase name="transfer" classname="AccountTest" time="0.004"/>
</testsuite>